[2025-02-20 16:59:21] Error: input_fname does not exist: "/home/aadityaa/Documents/Programming/capstone_project/Autis_Buddy/data/sample_data/EEG_wav.set"
[2025-02-20 17:00:14] Error: input_fname does not exist: "/autis_buddy/data/sample_data/EEG_wav.set"
[2025-02-20 17:00:58] EEG preprocessing completed
[2025-02-20 17:00:59] Error: [Errno 2] No such file or directory: 'output/json/wave_analysis.json'
[2025-02-20 17:02:02] EEG preprocessing completed
[2025-02-20 17:02:03] Error: [Errno 2] No such file or directory: 'output/json/wave_analysis.json'
[2025-02-20 17:02:49] EEG preprocessing completed
[2025-02-20 17:02:50] Error: [Errno 2] No such file or directory: 'output/json/wave_analysis.json'
[2025-02-20 17:03:44] EEG preprocessing completed
[2025-02-20 17:03:45] Error: [Errno 2] No such file or directory: 'output/json/wave_analysis.json'
[2025-02-20 17:06:11] EEG preprocessing completed
[2025-02-20 17:06:13] Error: [Errno 2] No such file or directory: 'output/json/wave_analysis.json'
[2025-02-20 17:07:53] EEG preprocessing completed
[2025-02-20 17:07:54] Error: [Errno 2] No such file or directory: 'output/json/wave_analysis.json'
[2025-02-20 17:10:21] EEG preprocessing completed
[2025-02-20 17:10:22] Music parameters generated
[2025-02-20 17:10:23] MIDI file created
[2025-02-20 17:10:27] Visualizations generated
[2025-02-20 17:11:07] EEG preprocessing completed
[2025-02-20 17:11:09] Music parameters generated
[2025-02-20 17:11:10] MIDI file created
[2025-02-20 17:11:13] Visualizations generated
[2025-02-20 17:12:02] EEG preprocessing completed
[2025-02-20 17:12:04] Music parameters generated
[2025-02-20 17:12:05] MIDI file created
[2025-02-20 17:12:08] Visualizations generated
[2025-02-20 17:14:02] EEG preprocessing completed
[2025-02-20 17:14:03] Music parameters generated
[2025-02-20 17:14:04] MIDI file created
[2025-02-20 17:14:08] Visualizations generated
[2025-02-20 17:14:46] EEG preprocessing completed
[2025-02-20 17:14:48] Music parameters generated
[2025-02-20 17:14:49] MIDI file created
[2025-02-20 17:14:53] Visualizations generated
[2025-02-20 17:15:27] EEG preprocessing completed
[2025-02-20 17:15:28] Music parameters generated
[2025-02-20 17:15:29] MIDI file created
[2025-02-20 17:15:33] Visualizations generated
[2025-02-20 17:17:48] EEG preprocessing completed
[2025-02-20 17:17:49] Music parameters generated
[2025-02-20 17:17:50] MIDI file created
[2025-02-20 17:17:53] Error: [Errno 2] No such file or directory: 'outputs/plots/wave_heatmap.png'
[2025-02-20 17:19:18] EEG preprocessing completed
[2025-02-20 17:19:20] Music parameters generated
[2025-02-20 17:19:21] MIDI file created
[2025-02-20 17:19:23] Error: [Errno 2] No such file or directory: 'outputs/plots/wave_heatmap.png'
[2025-02-20 17:19:44] EEG preprocessing completed
[2025-02-20 17:19:45] Music parameters generated
[2025-02-20 17:19:46] MIDI file created
[2025-02-20 17:19:50] Visualizations generated
[2025-02-20 17:20:05] EEG preprocessing completed
[2025-02-20 17:20:07] Music parameters generated
[2025-02-20 17:20:08] MIDI file created
[2025-02-20 17:20:11] Visualizations generated
